Using pre-set license
Built from '2021.1/staging' branch; Version is '2021.1.15f1 (e767a7370072) revision 15165351'; Using compiler version '192528614'; Build Type 'Release'
OS: 'Windows 10 Home; OS build 19042.1083; Version 2009; 64bit' Language: 'it' Physical Memory: 16257 MB
BatchMode: 1, IsHumanControllingUs: 0, StartBugReporterOnCrash: 0, Is64bit: 1, IsPro: 0

 COMMAND LINE ARGUMENTS:
D:\Unity-workspace\2021.1.15f1\Editor\Unity.exe
-adb2
-batchMode
-noUpm
-name
AssetImportWorker0
-projectPath
C:/Users/user/GetMySword
-logFile
Logs/AssetImportWorker0.log
-srvPort
52528
Successfully changed project path to: C:/Users/user/GetMySword
C:/Users/user/GetMySword
Using Asset Import Pipeline V2.
Refreshing native plugins compatible for Editor in 97.25 ms, found 4 plugins.
Preloading 0 native plugins for Editor in 0.00 ms.
Initialize engine version: 2021.1.15f1 (e767a7370072)
[Subsystems] Discovering subsystems at path D:/Unity-workspace/2021.1.15f1/Editor/Data/Resources/UnitySubsystems
[Subsystems] Discovering subsystems at path C:/Users/user/GetMySword/Assets
GfxDevice: creating device client; threaded=0; jobified=0
Direct3D:
    Version:  Direct3D 11.0 [level 11.1]
    Renderer: NVIDIA GeForce GTX 1060 (ID=0x1c20)
    Vendor:   NVIDIA
    VRAM:     6052 MB
    Driver:   30.0.14.7111
Initialize mono
Mono path[0] = 'D:/Unity-workspace/2021.1.15f1/Editor/Data/Managed'
Mono path[1] = 'D:/Unity-workspace/2021.1.15f1/Editor/Data/MonoBleedingEdge/lib/mono/unityjit'
Mono config path = 'D:/Unity-workspace/2021.1.15f1/Editor/Data/MonoBleedingEdge/etc'
Using monoOptions --debugger-agent=transport=dt_socket,embedding=1,server=y,suspend=n,address=127.0.0.1:56656
Begin MonoManager ReloadAssembly
Registering precompiled unity dll's ...
Register platform support module: D:/Unity-workspace/2021.1.15f1/Editor/Data/PlaybackEngines/WindowsStandaloneSupport/UnityEditor.WindowsStandalone.Extensions.dll
Registered in 0.001176 seconds.
Native extension for WindowsStandalone target not found
Refreshing native plugins compatible for Editor in 92.54 ms, found 4 plugins.
Preloading 0 native plugins for Editor in 0.00 ms.
Mono: successfully reloaded assembly
- Completed reload, in  1.448 seconds
Domain Reload Profiling:
	ReloadAssembly (1448ms)
		BeginReloadAssembly (68ms)
			ExecutionOrderSort (0ms)
			DisableScriptedObjects (0ms)
			BackupInstance (0ms)
			ReleaseScriptingObjects (0ms)
			CreateAndSetChildDomain (1ms)
		EndReloadAssembly (468ms)
			LoadAssemblies (68ms)
			RebuildTransferFunctionScriptingTraits (0ms)
			SetupTypeCache (164ms)
			ReleaseScriptCaches (0ms)
			RebuildScriptCaches (31ms)
			SetupLoadedEditorAssemblies (231ms)
				LogAssemblyErrors (0ms)
				InitializePlatformSupportModulesInManaged (5ms)
				SetLoadedEditorAssemblies (0ms)
				RefreshPlugins (93ms)
				BeforeProcessingInitializeOnLoad (2ms)
				ProcessInitializeOnLoadAttributes (100ms)
				ProcessInitializeOnLoadMethodAttributes (31ms)
				AfterProcessingInitializeOnLoad (0ms)
				EditorAssembliesLoaded (0ms)
			ExecutionOrderSort2 (0ms)
			AwakeInstancesAfterBackupRestoration (0ms)
Platform modules already initialized, skipping
Registering precompiled user dll's ...
Registered in 0.006359 seconds.
Begin MonoManager ReloadAssembly
Symbol file LoadedFromMemory doesn't match image C:\Users\user\GetMySword\Library\PackageCache\com.unity.visualscripting@1.6.1\Editor\VisualScripting.Core\Dependencies\YamlDotNet\Unity.VisualScripting.YamlDotNet.dll
Symbol file LoadedFromMemory doesn't match image C:\Users\user\GetMySword\Library\PackageCache\com.unity.visualscripting@1.6.1\Editor\VisualScripting.Core\Dependencies\DotNetZip\Unity.VisualScripting.IonicZip.dll
Native extension for WindowsStandalone target not found
Refreshing native plugins compatible for Editor in 98.10 ms, found 4 plugins.
Preloading 0 native plugins for Editor in 0.00 ms.
Mono: successfully reloaded assembly
- Completed reload, in  1.398 seconds
Domain Reload Profiling:
	ReloadAssembly (1398ms)
		BeginReloadAssembly (179ms)
			ExecutionOrderSort (0ms)
			DisableScriptedObjects (4ms)
			BackupInstance (0ms)
			ReleaseScriptingObjects (0ms)
			CreateAndSetChildDomain (20ms)
		EndReloadAssembly (1163ms)
			LoadAssemblies (214ms)
			RebuildTransferFunctionScriptingTraits (0ms)
			SetupTypeCache (376ms)
			ReleaseScriptCaches (1ms)
			RebuildScriptCaches (55ms)
			SetupLoadedEditorAssemblies (434ms)
				LogAssemblyErrors (0ms)
				InitializePlatformSupportModulesInManaged (4ms)
				SetLoadedEditorAssemblies (0ms)
				RefreshPlugins (98ms)
				BeforeProcessingInitializeOnLoad (84ms)
				ProcessInitializeOnLoadAttributes (225ms)
				ProcessInitializeOnLoadMethodAttributes (20ms)
				AfterProcessingInitializeOnLoad (2ms)
				EditorAssembliesLoaded (0ms)
			ExecutionOrderSort2 (0ms)
			AwakeInstancesAfterBackupRestoration (6ms)
Platform modules already initialized, skipping
========================================================================
Worker process is ready to serve import requests
Launched and connected shader compiler UnityShaderCompiler.exe after 0.19 seconds
Refreshing native plugins compatible for Editor in 0.76 ms, found 4 plugins.
Preloading 0 native plugins for Editor in 0.00 ms.
Unloading 3670 Unused Serialized files (Serialized files now loaded: 0)
System memory in use before: 136.2 MB.
System memory in use after: 136.2 MB.

Unloading 37 unused Assets to reduce memory usage. Loaded Objects now: 4113.
Total: 2.882200 ms (FindLiveObjects: 0.326400 ms CreateObjectMapping: 0.168100 ms MarkObjects: 2.267000 ms  DeleteObjects: 0.119600 ms)

AssetImportParameters requested are different than current active one (requested -> active):
  custom:framework-win-MediaFoundation: 216162199b28c13a410421893ffa2e32 -> 
  custom:video-decoder-ogg-theora: a1e56fd34408186e4bbccfd4996cb3dc -> 
  custom:container-muxer-webm: aa71ff27fc2769a1b78a27578f13a17b -> 
  custom:container-demuxer-webm: 4f35f7cbe854078d1ac9338744f61a02 -> 
  custom:container-demuxer-ogg: 62fdf1f143b41e24485cea50d1cbac27 -> 
  custom:video-encoder-webm-vp8: eb34c28f22e8b96e1ab97ce403110664 -> 
  custom:video-codec-MediaFoundation-h265: 746d11721c4dcdbdad8f713fa42b33f4 -> 
  custom:video-decoder-webm-vp8: 9c59270c3fd7afecdb556c50c9e8de78 -> 
  custom:audio-decoder-ogg-vorbis: bf7c407c2cedff20999df2af8eb42d56 -> 
  custom:audio-encoder-webm-vorbis: bf7c407c2cedff20999df2af8eb42d56 -> 
========================================================================
Received Import Request.
  path: Assets/Art/TileMap.png
  artifactKey: Guid(a84abdb30243e4945964477bf0711d63) Importer(815301076,1909f56bfc062723c751e8b465ee728b)
Start importing Assets/Art/TileMap.png using Guid(a84abdb30243e4945964477bf0711d63) Importer(815301076,1909f56bfc062723c751e8b465ee728b)  -> (artifact id: 'ebb6fc473809bfac9416ecaa845ca370') in 0.201609 seconds 
========================================================================
Received Import Request.
  Time since last request: 2.511907 seconds.
  path: Assets/Art/TileMap
  artifactKey: Guid(f8e064ace01b2fd4885f619f37c229c3) Importer(815301076,1909f56bfc062723c751e8b465ee728b)
Start importing Assets/Art/TileMap using Guid(f8e064ace01b2fd4885f619f37c229c3) Importer(815301076,1909f56bfc062723c751e8b465ee728b)  -> (artifact id: '04d072888104740eb743394b324548db') in 0.002411 seconds 
========================================================================
Received Import Request.
  Time since last request: 24.202644 seconds.
  path: Assets/Art/TileMap/TileMap.png
  artifactKey: Guid(a84abdb30243e4945964477bf0711d63) Importer(815301076,1909f56bfc062723c751e8b465ee728b)
Start importing Assets/Art/TileMap/TileMap.png using Guid(a84abdb30243e4945964477bf0711d63) Importer(815301076,1909f56bfc062723c751e8b465ee728b)  -> (artifact id: '019ce7b7386e34888055dfddf99855d9') in 0.013523 seconds 
========================================================================
Received Import Request.
  Time since last request: 197.167099 seconds.
  path: Assets/Art/TileMap/TileMap.png
  artifactKey: Guid(a84abdb30243e4945964477bf0711d63) Importer(815301076,1909f56bfc062723c751e8b465ee728b)
Start importing Assets/Art/TileMap/TileMap.png using Guid(a84abdb30243e4945964477bf0711d63) Importer(815301076,1909f56bfc062723c751e8b465ee728b)  -> (artifact id: '30d2ed445890873fb3b749207daffd3b') in 0.069417 seconds 
========================================================================
Received Import Request.
  Time since last request: 31.498791 seconds.
  path: Assets/Script
  artifactKey: Guid(36185eb3bab07f9429c4b71ad907bafc) Importer(815301076,1909f56bfc062723c751e8b465ee728b)
Start importing Assets/Script using Guid(36185eb3bab07f9429c4b71ad907bafc) Importer(815301076,1909f56bfc062723c751e8b465ee728b)  -> (artifact id: '99fb4f9a25191785f3d23196f68dba63') in 0.009216 seconds 
========================================================================
Received Import Request.
  Time since last request: 20.829392 seconds.
  path: Assets/Art/TileMap/NewTileMap.prefab
  artifactKey: Guid(a74a1e7b477d9dd4ab646dd279211a8f) Importer(815301076,1909f56bfc062723c751e8b465ee728b)
Start importing Assets/Art/TileMap/NewTileMap.prefab using Guid(a74a1e7b477d9dd4ab646dd279211a8f) Importer(815301076,1909f56bfc062723c751e8b465ee728b)  -> (artifact id: 'ee0d6e4099ec8e6161eb6467804b1e7d') in 0.043250 seconds 
========================================================================
Received Import Request.
  Time since last request: 28.366890 seconds.
  path: Assets/Art/TileMap/NewTileMap.prefab
  artifactKey: Guid(a74a1e7b477d9dd4ab646dd279211a8f) Importer(815301076,1909f56bfc062723c751e8b465ee728b)
Start importing Assets/Art/TileMap/NewTileMap.prefab using Guid(a74a1e7b477d9dd4ab646dd279211a8f) Importer(815301076,1909f56bfc062723c751e8b465ee728b)  -> (artifact id: 'e3a9838b101a11d369a9533ed484a954') in 0.026771 seconds 
========================================================================
Received Import Request.
  Time since last request: 695.329440 seconds.
  path: Assets/Art/TileMap/Elements
  artifactKey: Guid(f8418627b977d5b41bf24b0ef00792ee) Importer(815301076,1909f56bfc062723c751e8b465ee728b)
Start importing Assets/Art/TileMap/Elements using Guid(f8418627b977d5b41bf24b0ef00792ee) Importer(815301076,1909f56bfc062723c751e8b465ee728b)  -> (artifact id: '91400efb522f6c4693ec49283e5f6e54') in 0.008670 seconds 
========================================================================
Received Import Request.
  Time since last request: 0.000380 seconds.
  path: Assets/Art/TileMap/Elements/TileMap_13.asset
  artifactKey: Guid(75b426850ac108746a88a134b7e86016) Importer(815301076,1909f56bfc062723c751e8b465ee728b)
Start importing Assets/Art/TileMap/Elements/TileMap_13.asset using Guid(75b426850ac108746a88a134b7e86016) Importer(815301076,1909f56bfc062723c751e8b465ee728b)  -> (artifact id: '0bdb97b64781d89d02d85594afd5db91') in 0.043799 seconds 
========================================================================
Received Import Request.
  Time since last request: 0.000306 seconds.
  path: Assets/Art/TileMap/Elements/TileMap_3.asset
  artifactKey: Guid(d105f30875426ac4b8cd7cc9cd7779c1) Importer(815301076,1909f56bfc062723c751e8b465ee728b)
Start importing Assets/Art/TileMap/Elements/TileMap_3.asset using Guid(d105f30875426ac4b8cd7cc9cd7779c1) Importer(815301076,1909f56bfc062723c751e8b465ee728b)  -> (artifact id: '862a3a6531939d69c428d3816f3be9f5') in 0.008875 seconds 
========================================================================
Received Import Request.
  Time since last request: 0.000323 seconds.
  path: Assets/Art/TileMap/Elements/TileMap_15.asset
  artifactKey: Guid(029eb31e394fb434b83f41cdfdf9227b) Importer(815301076,1909f56bfc062723c751e8b465ee728b)
Start importing Assets/Art/TileMap/Elements/TileMap_15.asset using Guid(029eb31e394fb434b83f41cdfdf9227b) Importer(815301076,1909f56bfc062723c751e8b465ee728b)  -> (artifact id: 'e33790b34b3b6cec60a46b67cbe4ff7a') in 0.014463 seconds 
========================================================================
Received Import Request.
  Time since last request: 0.000279 seconds.
  path: Assets/Art/TileMap/Elements/TileMap_4.asset
  artifactKey: Guid(4e4156a4dcd01d446832b7eb926d9efa) Importer(815301076,1909f56bfc062723c751e8b465ee728b)
Start importing Assets/Art/TileMap/Elements/TileMap_4.asset using Guid(4e4156a4dcd01d446832b7eb926d9efa) Importer(815301076,1909f56bfc062723c751e8b465ee728b)  -> (artifact id: 'bc4084c7b3017630e213eda20d1995ba') in 0.014779 seconds 
========================================================================
Received Import Request.
  Time since last request: 0.000243 seconds.
  path: Assets/Art/TileMap/Elements/TileMap_1.asset
  artifactKey: Guid(e2c575875839f1b4287ac8d6a1a774e6) Importer(815301076,1909f56bfc062723c751e8b465ee728b)
Start importing Assets/Art/TileMap/Elements/TileMap_1.asset using Guid(e2c575875839f1b4287ac8d6a1a774e6) Importer(815301076,1909f56bfc062723c751e8b465ee728b)  -> (artifact id: 'c607b0ab2e0e80d7126f4c82a5df93c7') in 0.012451 seconds 
========================================================================
Received Import Request.
  Time since last request: 0.000558 seconds.
  path: Assets/Art/TileMap/Elements/TileMap_2.asset
  artifactKey: Guid(3dc3fae503b8de8499c2421759896d63) Importer(815301076,1909f56bfc062723c751e8b465ee728b)
Start importing Assets/Art/TileMap/Elements/TileMap_2.asset using Guid(3dc3fae503b8de8499c2421759896d63) Importer(815301076,1909f56bfc062723c751e8b465ee728b)  -> (artifact id: '1967520e5d0b4f3e2a06bafa9aab8182') in 0.013481 seconds 
========================================================================
Received Import Request.
  Time since last request: 0.000315 seconds.
  path: Assets/Art/TileMap/Elements/TileMap_14.asset
  artifactKey: Guid(3a75c44fd08a6f24c98d4a26eb73f6df) Importer(815301076,1909f56bfc062723c751e8b465ee728b)
Start importing Assets/Art/TileMap/Elements/TileMap_14.asset using Guid(3a75c44fd08a6f24c98d4a26eb73f6df) Importer(815301076,1909f56bfc062723c751e8b465ee728b)  -> (artifact id: 'dc68f3463b988f34c87c0161675aac40') in 0.012228 seconds 
========================================================================
Received Import Request.
  Time since last request: 0.000287 seconds.
  path: Assets/Art/TileMap/Elements/TileMap_5.asset
  artifactKey: Guid(0b5bc67a3e2cfb14da3fb07674dfecea) Importer(815301076,1909f56bfc062723c751e8b465ee728b)
Start importing Assets/Art/TileMap/Elements/TileMap_5.asset using Guid(0b5bc67a3e2cfb14da3fb07674dfecea) Importer(815301076,1909f56bfc062723c751e8b465ee728b)  -> (artifact id: '9864ba413e84164064a96c52e56611e2') in 0.014220 seconds 
========================================================================
Received Import Request.
  Time since last request: 0.000298 seconds.
  path: Assets/Art/TileMap/Elements/TileMap_11.asset
  artifactKey: Guid(dbd0cfd07a7b12c40b6327f757bb7d8e) Importer(815301076,1909f56bfc062723c751e8b465ee728b)
Start importing Assets/Art/TileMap/Elements/TileMap_11.asset using Guid(dbd0cfd07a7b12c40b6327f757bb7d8e) Importer(815301076,1909f56bfc062723c751e8b465ee728b)  -> (artifact id: 'b0d6ad6917a7c825531c2691d081d0fe') in 0.011464 seconds 
========================================================================
Received Import Request.
  Time since last request: 0.000290 seconds.
  path: Assets/Art/TileMap/Elements/TileMap_7.asset
  artifactKey: Guid(0d169ad82a5d0244294a0d326570322c) Importer(815301076,1909f56bfc062723c751e8b465ee728b)
Start importing Assets/Art/TileMap/Elements/TileMap_7.asset using Guid(0d169ad82a5d0244294a0d326570322c) Importer(815301076,1909f56bfc062723c751e8b465ee728b)  -> (artifact id: 'a0303a5a55dcfb6056a68c054773ad91') in 0.014459 seconds 
========================================================================
Received Import Request.
  Time since last request: 0.000250 seconds.
  path: Assets/Art/TileMap/Elements/TileMap_10.asset
  artifactKey: Guid(09028567dfa3d4742886f7da2f5d9e94) Importer(815301076,1909f56bfc062723c751e8b465ee728b)
Start importing Assets/Art/TileMap/Elements/TileMap_10.asset using Guid(09028567dfa3d4742886f7da2f5d9e94) Importer(815301076,1909f56bfc062723c751e8b465ee728b)  -> (artifact id: '16a4cb4e47c144aed60734c887164042') in 0.012367 seconds 
========================================================================
Received Import Request.
  Time since last request: 0.000228 seconds.
  path: Assets/Art/TileMap/Elements/TileMap_6.asset
  artifactKey: Guid(3201d19343e8fe64abb016035a03c525) Importer(815301076,1909f56bfc062723c751e8b465ee728b)
Start importing Assets/Art/TileMap/Elements/TileMap_6.asset using Guid(3201d19343e8fe64abb016035a03c525) Importer(815301076,1909f56bfc062723c751e8b465ee728b)  -> (artifact id: '4f74b8c3b475fb4f953edd7066b1d02a') in 0.017397 seconds 
========================================================================
Received Import Request.
  Time since last request: 0.000259 seconds.
  path: Assets/Art/TileMap/Elements/TileMap_0.asset
  artifactKey: Guid(a732868fc14751042a870f5808fc69a0) Importer(815301076,1909f56bfc062723c751e8b465ee728b)
Start importing Assets/Art/TileMap/Elements/TileMap_0.asset using Guid(a732868fc14751042a870f5808fc69a0) Importer(815301076,1909f56bfc062723c751e8b465ee728b)  -> (artifact id: 'ea840d91b000031231d5d1080eec4e8f') in 0.010083 seconds 
========================================================================
Received Import Request.
  Time since last request: 0.000230 seconds.
  path: Assets/Art/TileMap/Elements/TileMap_9.asset
  artifactKey: Guid(a1beb2412ec11db40a6fb86287f86d86) Importer(815301076,1909f56bfc062723c751e8b465ee728b)
Start importing Assets/Art/TileMap/Elements/TileMap_9.asset using Guid(a1beb2412ec11db40a6fb86287f86d86) Importer(815301076,1909f56bfc062723c751e8b465ee728b)  -> (artifact id: 'aaec26b6c0a16dcda6e2b94f9d642807') in 0.013386 seconds 
========================================================================
Received Import Request.
  Time since last request: 0.000289 seconds.
  path: Assets/Art/TileMap/Elements/TileMap_12.asset
  artifactKey: Guid(87b2399377a71ed4daed76a6e7b82b3a) Importer(815301076,1909f56bfc062723c751e8b465ee728b)
Start importing Assets/Art/TileMap/Elements/TileMap_12.asset using Guid(87b2399377a71ed4daed76a6e7b82b3a) Importer(815301076,1909f56bfc062723c751e8b465ee728b)  -> (artifact id: '5a8129a2598300ab2568dcfa933425fa') in 0.011869 seconds 
========================================================================
Received Import Request.
  Time since last request: 0.000332 seconds.
  path: Assets/Art/TileMap/Elements/TileMap_8.asset
  artifactKey: Guid(26e9c3b8add06254896b913c06666148) Importer(815301076,1909f56bfc062723c751e8b465ee728b)
Start importing Assets/Art/TileMap/Elements/TileMap_8.asset using Guid(26e9c3b8add06254896b913c06666148) Importer(815301076,1909f56bfc062723c751e8b465ee728b)  -> (artifact id: '538dab2550291118a952d24d107e83a2') in 0.014431 seconds 
========================================================================
Received Import Request.
  Time since last request: 0.736229 seconds.
  path: Assets/Art/TileMap/Elements/TileMap_16.asset
  artifactKey: Guid(f6e7416756784af47833b23835df5068) Importer(815301076,1909f56bfc062723c751e8b465ee728b)
Start importing Assets/Art/TileMap/Elements/TileMap_16.asset using Guid(f6e7416756784af47833b23835df5068) Importer(815301076,1909f56bfc062723c751e8b465ee728b)  -> (artifact id: '755d51afe844e83231cb72b0a67eda88') in 0.010183 seconds 
========================================================================
Received Import Request.
  Time since last request: 0.000308 seconds.
  path: Assets/Art/TileMap/Elements/TileMap_17.asset
  artifactKey: Guid(354fe36f8c811d34a835d81097ce4c7d) Importer(815301076,1909f56bfc062723c751e8b465ee728b)
Start importing Assets/Art/TileMap/Elements/TileMap_17.asset using Guid(354fe36f8c811d34a835d81097ce4c7d) Importer(815301076,1909f56bfc062723c751e8b465ee728b)  -> (artifact id: 'd8ac46158889ca2df791fe875a5dc547') in 0.009137 seconds 
========================================================================
Received Import Request.
  Time since last request: 0.000329 seconds.
  path: Assets/Art/TileMap/Elements/TileMap_18.asset
  artifactKey: Guid(0108fa8ddb5002c4cbd0e1cea2ba1322) Importer(815301076,1909f56bfc062723c751e8b465ee728b)
Start importing Assets/Art/TileMap/Elements/TileMap_18.asset using Guid(0108fa8ddb5002c4cbd0e1cea2ba1322) Importer(815301076,1909f56bfc062723c751e8b465ee728b)  -> (artifact id: 'd22a2b6fc7c8bc89c06461f8385e5b0d') in 0.013154 seconds 
========================================================================
Received Import Request.
  Time since last request: 0.002950 seconds.
  path: Assets/Art/TileMap/Elements/TileMap_19.asset
  artifactKey: Guid(87a9b07ef4ebf3046b5ca9302edf69b8) Importer(815301076,1909f56bfc062723c751e8b465ee728b)
Start importing Assets/Art/TileMap/Elements/TileMap_19.asset using Guid(87a9b07ef4ebf3046b5ca9302edf69b8) Importer(815301076,1909f56bfc062723c751e8b465ee728b)  -> (artifact id: '0c1127d5e0931f3de26b505dfb05954f') in 0.015324 seconds 
========================================================================
Received Import Request.
  Time since last request: 0.000283 seconds.
  path: Assets/Art/TileMap/Elements/TileMap_20.asset
  artifactKey: Guid(8fc8817dd58e19d42bd3de8f46f50411) Importer(815301076,1909f56bfc062723c751e8b465ee728b)
Start importing Assets/Art/TileMap/Elements/TileMap_20.asset using Guid(8fc8817dd58e19d42bd3de8f46f50411) Importer(815301076,1909f56bfc062723c751e8b465ee728b)  -> (artifact id: 'd33c45196d975bae581470b324ec6051') in 0.015940 seconds 
========================================================================
Received Import Request.
  Time since last request: 0.000355 seconds.
  path: Assets/Art/TileMap/Elements/TileMap_22.asset
  artifactKey: Guid(bed194f7cfacf124eb84eff0653c8fdd) Importer(815301076,1909f56bfc062723c751e8b465ee728b)
Start importing Assets/Art/TileMap/Elements/TileMap_22.asset using Guid(bed194f7cfacf124eb84eff0653c8fdd) Importer(815301076,1909f56bfc062723c751e8b465ee728b)  -> (artifact id: 'f25ca39aabdc02c6714af137d1111553') in 0.013676 seconds 
========================================================================
Received Import Request.
  Time since last request: 0.000272 seconds.
  path: Assets/Art/TileMap/Elements/TileMap_21.asset
  artifactKey: Guid(99318e3d97a8b6049ae0b6c75aea00ee) Importer(815301076,1909f56bfc062723c751e8b465ee728b)
Start importing Assets/Art/TileMap/Elements/TileMap_21.asset using Guid(99318e3d97a8b6049ae0b6c75aea00ee) Importer(815301076,1909f56bfc062723c751e8b465ee728b)  -> (artifact id: '735cef95720cdc3617c17bc6f383e8e5') in 0.011586 seconds 
========================================================================
Received Prepare
Registering precompiled user dll's ...
Registered in 0.005967 seconds.
Begin MonoManager ReloadAssembly
Symbol file LoadedFromMemory doesn't match image C:\Users\user\GetMySword\Library\PackageCache\com.unity.visualscripting@1.6.1\Editor\VisualScripting.Core\Dependencies\YamlDotNet\Unity.VisualScripting.YamlDotNet.dll
Symbol file LoadedFromMemory doesn't match image C:\Users\user\GetMySword\Library\PackageCache\com.unity.visualscripting@1.6.1\Editor\VisualScripting.Core\Dependencies\DotNetZip\Unity.VisualScripting.IonicZip.dll
Native extension for WindowsStandalone target not found
Refreshing native plugins compatible for Editor in 0.98 ms, found 4 plugins.
Preloading 0 native plugins for Editor in 0.00 ms.
Mono: successfully reloaded assembly
- Completed reload, in  1.080 seconds
Domain Reload Profiling:
	ReloadAssembly (1080ms)
		BeginReloadAssembly (140ms)
			ExecutionOrderSort (0ms)
			DisableScriptedObjects (6ms)
			BackupInstance (0ms)
			ReleaseScriptingObjects (0ms)
			CreateAndSetChildDomain (39ms)
		EndReloadAssembly (885ms)
			LoadAssemblies (102ms)
			RebuildTransferFunctionScriptingTraits (0ms)
			SetupTypeCache (352ms)
			ReleaseScriptCaches (1ms)
			RebuildScriptCaches (44ms)
			SetupLoadedEditorAssemblies (294ms)
				LogAssemblyErrors (0ms)
				InitializePlatformSupportModulesInManaged (4ms)
				SetLoadedEditorAssemblies (0ms)
				RefreshPlugins (1ms)
				BeforeProcessingInitializeOnLoad (68ms)
				ProcessInitializeOnLoadAttributes (208ms)
				ProcessInitializeOnLoadMethodAttributes (10ms)
				AfterProcessingInitializeOnLoad (2ms)
				EditorAssembliesLoaded (0ms)
			ExecutionOrderSort2 (0ms)
			AwakeInstancesAfterBackupRestoration (14ms)
Platform modules already initialized, skipping
Refreshing native plugins compatible for Editor in 0.76 ms, found 4 plugins.
Preloading 0 native plugins for Editor in 0.00 ms.
Unloading 3666 Unused Serialized files (Serialized files now loaded: 0)
System memory in use before: 141.7 MB.
System memory in use after: 141.8 MB.

Unloading 25 unused Assets to reduce memory usage. Loaded Objects now: 4173.
Total: 2.650600 ms (FindLiveObjects: 0.277200 ms CreateObjectMapping: 0.149500 ms MarkObjects: 2.138600 ms  DeleteObjects: 0.084500 ms)

AssetImportParameters requested are different than current active one (requested -> active):
  custom:framework-win-MediaFoundation: 216162199b28c13a410421893ffa2e32 -> 
  custom:video-decoder-ogg-theora: a1e56fd34408186e4bbccfd4996cb3dc -> 
  custom:container-muxer-webm: aa71ff27fc2769a1b78a27578f13a17b -> 
  custom:container-demuxer-webm: 4f35f7cbe854078d1ac9338744f61a02 -> 
  custom:container-demuxer-ogg: 62fdf1f143b41e24485cea50d1cbac27 -> 
  custom:video-encoder-webm-vp8: eb34c28f22e8b96e1ab97ce403110664 -> 
  custom:video-codec-MediaFoundation-h265: 746d11721c4dcdbdad8f713fa42b33f4 -> 
  custom:video-decoder-webm-vp8: 9c59270c3fd7afecdb556c50c9e8de78 -> 
  custom:audio-decoder-ogg-vorbis: bf7c407c2cedff20999df2af8eb42d56 -> 
  custom:audio-encoder-webm-vorbis: bf7c407c2cedff20999df2af8eb42d56 -> 
========================================================================
Received Import Request.
  Time since last request: 715.455893 seconds.
  path: Assets/Scripts
  artifactKey: Guid(36185eb3bab07f9429c4b71ad907bafc) Importer(815301076,1909f56bfc062723c751e8b465ee728b)
Start importing Assets/Scripts using Guid(36185eb3bab07f9429c4b71ad907bafc) Importer(815301076,1909f56bfc062723c751e8b465ee728b)  -> (artifact id: 'e28c2cb72b809139baf794cf9aa9e5a9') in 0.015293 seconds 
========================================================================
Received Prepare
Registering precompiled user dll's ...
Registered in 0.006388 seconds.
Begin MonoManager ReloadAssembly
Symbol file LoadedFromMemory doesn't match image C:\Users\user\GetMySword\Library\PackageCache\com.unity.visualscripting@1.6.1\Editor\VisualScripting.Core\Dependencies\YamlDotNet\Unity.VisualScripting.YamlDotNet.dll
Symbol file LoadedFromMemory doesn't match image C:\Users\user\GetMySword\Library\PackageCache\com.unity.visualscripting@1.6.1\Editor\VisualScripting.Core\Dependencies\DotNetZip\Unity.VisualScripting.IonicZip.dll
Native extension for WindowsStandalone target not found
Refreshing native plugins compatible for Editor in 0.75 ms, found 4 plugins.
Preloading 0 native plugins for Editor in 0.00 ms.
Mono: successfully reloaded assembly
- Completed reload, in  1.145 seconds
Domain Reload Profiling:
	ReloadAssembly (1145ms)
		BeginReloadAssembly (148ms)
			ExecutionOrderSort (0ms)
			DisableScriptedObjects (8ms)
			BackupInstance (0ms)
			ReleaseScriptingObjects (0ms)
			CreateAndSetChildDomain (41ms)
		EndReloadAssembly (938ms)
			LoadAssemblies (117ms)
			RebuildTransferFunctionScriptingTraits (0ms)
			SetupTypeCache (347ms)
			ReleaseScriptCaches (1ms)
			RebuildScriptCaches (46ms)
			SetupLoadedEditorAssemblies (328ms)
				LogAssemblyErrors (0ms)
				InitializePlatformSupportModulesInManaged (5ms)
				SetLoadedEditorAssemblies (0ms)
				RefreshPlugins (1ms)
				BeforeProcessingInitializeOnLoad (71ms)
				ProcessInitializeOnLoadAttributes (238ms)
				ProcessInitializeOnLoadMethodAttributes (10ms)
				AfterProcessingInitializeOnLoad (3ms)
				EditorAssembliesLoaded (0ms)
			ExecutionOrderSort2 (0ms)
			AwakeInstancesAfterBackupRestoration (16ms)
Platform modules already initialized, skipping
Refreshing native plugins compatible for Editor in 1.08 ms, found 4 plugins.
Preloading 0 native plugins for Editor in 0.00 ms.
Unloading 3666 Unused Serialized files (Serialized files now loaded: 0)
System memory in use before: 141.7 MB.
System memory in use after: 141.8 MB.

Unloading 25 unused Assets to reduce memory usage. Loaded Objects now: 4177.
Total: 2.595900 ms (FindLiveObjects: 0.265800 ms CreateObjectMapping: 0.172000 ms MarkObjects: 2.072600 ms  DeleteObjects: 0.084600 ms)

AssetImportParameters requested are different than current active one (requested -> active):
  custom:framework-win-MediaFoundation: 216162199b28c13a410421893ffa2e32 -> 
  custom:video-decoder-ogg-theora: a1e56fd34408186e4bbccfd4996cb3dc -> 
  custom:container-muxer-webm: aa71ff27fc2769a1b78a27578f13a17b -> 
  custom:container-demuxer-webm: 4f35f7cbe854078d1ac9338744f61a02 -> 
  custom:container-demuxer-ogg: 62fdf1f143b41e24485cea50d1cbac27 -> 
  custom:video-encoder-webm-vp8: eb34c28f22e8b96e1ab97ce403110664 -> 
  custom:video-codec-MediaFoundation-h265: 746d11721c4dcdbdad8f713fa42b33f4 -> 
  custom:video-decoder-webm-vp8: 9c59270c3fd7afecdb556c50c9e8de78 -> 
  custom:audio-decoder-ogg-vorbis: bf7c407c2cedff20999df2af8eb42d56 -> 
  custom:audio-encoder-webm-vorbis: bf7c407c2cedff20999df2af8eb42d56 -> 
========================================================================
Received Import Request.
  Time since last request: 94.578323 seconds.
  path: Assets/Scenes
  artifactKey: Guid(131a6b21c8605f84396be9f6751fb6e3) Importer(815301076,1909f56bfc062723c751e8b465ee728b)
Start importing Assets/Scenes using Guid(131a6b21c8605f84396be9f6751fb6e3) Importer(815301076,1909f56bfc062723c751e8b465ee728b)  -> (artifact id: 'df75b7d1a31c5b4f73fd45661b403b04') in 0.013439 seconds 
========================================================================
Received Import Request.
  Time since last request: 0.858098 seconds.
  path: Assets/Scenes/SampleScene.unity
  artifactKey: Guid(2cda990e2423bbf4892e6590ba056729) Importer(815301076,1909f56bfc062723c751e8b465ee728b)
Start importing Assets/Scenes/SampleScene.unity using Guid(2cda990e2423bbf4892e6590ba056729) Importer(815301076,1909f56bfc062723c751e8b465ee728b)  -> (artifact id: '29783bd56a7f9836b2a4762ebfc5a848') in 0.017668 seconds 
========================================================================
Received Import Request.
  Time since last request: 12.113023 seconds.
  path: Assets/Scenes/Levels.unity
  artifactKey: Guid(2cda990e2423bbf4892e6590ba056729) Importer(815301076,1909f56bfc062723c751e8b465ee728b)
Start importing Assets/Scenes/Levels.unity using Guid(2cda990e2423bbf4892e6590ba056729) Importer(815301076,1909f56bfc062723c751e8b465ee728b)  -> (artifact id: 'b56e1cf52f7233f3c7ba72ba3548df5d') in 0.008055 seconds 
========================================================================
Received Import Request.
  Time since last request: 6.661578 seconds.
  path: Assets/Scenes/Menu.unity
  artifactKey: Guid(21d942f948e29e846b4bca69df519153) Importer(815301076,1909f56bfc062723c751e8b465ee728b)
Start importing Assets/Scenes/Menu.unity using Guid(21d942f948e29e846b4bca69df519153) Importer(815301076,1909f56bfc062723c751e8b465ee728b)  -> (artifact id: '4a073cc3c6fb81c594f56e600b8d6fc1') in 0.011919 seconds 
========================================================================
Received Import Request.
  Time since last request: 338.744971 seconds.
  path: Assets/TextMesh Pro
  artifactKey: Guid(f54d1bd14bd3ca042bd867b519fee8cc) Importer(815301076,1909f56bfc062723c751e8b465ee728b)
Start importing Assets/TextMesh Pro using Guid(f54d1bd14bd3ca042bd867b519fee8cc) Importer(815301076,1909f56bfc062723c751e8b465ee728b)  -> (artifact id: '16b4cbde9565bf190136f1148817e1ea') in 0.008603 seconds 
========================================================================
Received Import Request.
  Time since last request: 0.149434 seconds.
  path: Assets/TextMesh Pro/Fipps-Regular.otf
  artifactKey: Guid(125e565dd15aa5e44854a6347839dc03) Importer(815301076,1909f56bfc062723c751e8b465ee728b)
Start importing Assets/TextMesh Pro/Fipps-Regular.otf using Guid(125e565dd15aa5e44854a6347839dc03) Importer(815301076,1909f56bfc062723c751e8b465ee728b)  -> (artifact id: '2f4925d5ba2a1459a2e46bb7e3ed0270') in 0.129504 seconds 
========================================================================
Received Import Request.
  Time since last request: 15.697530 seconds.
  path: Assets/TextMesh Pro/Fonts
  artifactKey: Guid(6ab70aee4d56447429c680537fbf93ed) Importer(815301076,1909f56bfc062723c751e8b465ee728b)
Start importing Assets/TextMesh Pro/Fonts using Guid(6ab70aee4d56447429c680537fbf93ed) Importer(815301076,1909f56bfc062723c751e8b465ee728b)  -> (artifact id: 'c860dfdf0522eec1202f36843e52d436') in 0.008668 seconds 
========================================================================
Received Import Request.
  Time since last request: 0.138860 seconds.
  path: Assets/TextMesh Pro/Fonts/LiberationSans.ttf
  artifactKey: Guid(e3265ab4bf004d28a9537516768c1c75) Importer(815301076,1909f56bfc062723c751e8b465ee728b)
Start importing Assets/TextMesh Pro/Fonts/LiberationSans.ttf using Guid(e3265ab4bf004d28a9537516768c1c75) Importer(815301076,1909f56bfc062723c751e8b465ee728b)  -> (artifact id: '79889cafde56e022babe0107d274bab5') in 0.015282 seconds 
========================================================================
Received Import Request.
  Time since last request: 1.820145 seconds.
  path: Assets/TextMesh Pro/Fonts/LiberationSans - OFL.txt
  artifactKey: Guid(6e59c59b81ab47f9b6ec5781fa725d2c) Importer(815301076,1909f56bfc062723c751e8b465ee728b)
Start importing Assets/TextMesh Pro/Fonts/LiberationSans - OFL.txt using Guid(6e59c59b81ab47f9b6ec5781fa725d2c) Importer(815301076,1909f56bfc062723c751e8b465ee728b)  -> (artifact id: 'd8ed59a48b952935c94a9302b2b79e3d') in 0.012241 seconds 
========================================================================
Received Import Request.
  Time since last request: 13.442218 seconds.
  path: Assets/TextMesh Pro/Resources
  artifactKey: Guid(243e06394e614e5d99fab26083b707fa) Importer(815301076,1909f56bfc062723c751e8b465ee728b)
Start importing Assets/TextMesh Pro/Resources using Guid(243e06394e614e5d99fab26083b707fa) Importer(815301076,1909f56bfc062723c751e8b465ee728b)  -> (artifact id: '0df7051f5b12f3f69d646d60f9166c36') in 0.008877 seconds 
========================================================================
Received Import Request.
  Time since last request: 0.044412 seconds.
  path: Assets/TextMesh Pro/Resources/TMP Settings.asset
  artifactKey: Guid(3f5b5dff67a942289a9defa416b206f3) Importer(815301076,1909f56bfc062723c751e8b465ee728b)
Start importing Assets/TextMesh Pro/Resources/TMP Settings.asset using Guid(3f5b5dff67a942289a9defa416b206f3) Importer(815301076,1909f56bfc062723c751e8b465ee728b)  -> (artifact id: '80217e6c75f9d2e4957cbc8093faaf48') in 0.057093 seconds 
========================================================================
Received Import Request.
  Time since last request: 1.790761 seconds.
  path: Assets/TextMesh Pro/Resources/Fonts & Materials
  artifactKey: Guid(731f1baa9d144a9897cb1d341c2092b8) Importer(815301076,1909f56bfc062723c751e8b465ee728b)
Start importing Assets/TextMesh Pro/Resources/Fonts & Materials using Guid(731f1baa9d144a9897cb1d341c2092b8) Importer(815301076,1909f56bfc062723c751e8b465ee728b)  -> (artifact id: 'cbd6dcea75119183330fd0c84a35eed7') in 0.009463 seconds 
========================================================================
Received Import Request.
  Time since last request: 0.071464 seconds.
  path: Assets/TextMesh Pro/Resources/Fonts & Materials/LiberationSans SDF - Drop Shadow.mat
  artifactKey: Guid(e73a58f6e2794ae7b1b7e50b7fb811b0) Importer(815301076,1909f56bfc062723c751e8b465ee728b)
Start importing Assets/TextMesh Pro/Resources/Fonts & Materials/LiberationSans SDF - Drop Shadow.mat using Guid(e73a58f6e2794ae7b1b7e50b7fb811b0) Importer(815301076,1909f56bfc062723c751e8b465ee728b)  -> (artifact id: 'ca0d2861f60500f05bd29199894f7bb5') in 0.112683 seconds 
========================================================================
Received Import Request.
  Time since last request: 0.000307 seconds.
  path: Assets/TextMesh Pro/Resources/Fonts & Materials/LiberationSans SDF - Outline.mat
  artifactKey: Guid(79459efec17a4d00a321bdcc27bbc385) Importer(815301076,1909f56bfc062723c751e8b465ee728b)
Start importing Assets/TextMesh Pro/Resources/Fonts & Materials/LiberationSans SDF - Outline.mat using Guid(79459efec17a4d00a321bdcc27bbc385) Importer(815301076,1909f56bfc062723c751e8b465ee728b)  -> (artifact id: '289988fcecf3b00d1602f8d2b589f7dd') in 0.072226 seconds 
========================================================================
Received Import Request.
  Time since last request: 0.000265 seconds.
  path: Assets/TextMesh Pro/Resources/Fonts & Materials/LiberationSans SDF - Fallback.asset
  artifactKey: Guid(2e498d1c8094910479dc3e1b768306a4) Importer(815301076,1909f56bfc062723c751e8b465ee728b)
Start importing Assets/TextMesh Pro/Resources/Fonts & Materials/LiberationSans SDF - Fallback.asset using Guid(2e498d1c8094910479dc3e1b768306a4) Importer(815301076,1909f56bfc062723c751e8b465ee728b)  -> (artifact id: 'b8c2210586957436df79bf961aeff06e') in 0.020916 seconds 
========================================================================
Received Import Request.
  Time since last request: 0.000276 seconds.
  path: Assets/TextMesh Pro/Resources/Fonts & Materials/LiberationSans SDF.asset
  artifactKey: Guid(8f586378b4e144a9851e7b34d9b748ee) Importer(815301076,1909f56bfc062723c751e8b465ee728b)
Start importing Assets/TextMesh Pro/Resources/Fonts & Materials/LiberationSans SDF.asset using Guid(8f586378b4e144a9851e7b34d9b748ee) Importer(815301076,1909f56bfc062723c751e8b465ee728b)  -> (artifact id: 'f1280cc7be10b532b2897fc8654f95d3') in 0.038506 seconds 
========================================================================
Received Import Request.
  Time since last request: 34.980384 seconds.
  path: Assets/TextMesh Pro/Shaders
  artifactKey: Guid(e9f693669af91aa45ad615fc681ed29f) Importer(815301076,1909f56bfc062723c751e8b465ee728b)
Start importing Assets/TextMesh Pro/Shaders using Guid(e9f693669af91aa45ad615fc681ed29f) Importer(815301076,1909f56bfc062723c751e8b465ee728b)  -> (artifact id: '486066d15e4e2d1f404625b357b63227') in 0.009380 seconds 
========================================================================
Received Import Request.
  Time since last request: 5.161722 seconds.
  path: Assets/TextMesh Pro/Fipps-Regular SDF.asset
  artifactKey: Guid(da951ab80b39c8c479ca9f3e6cff9c42) Importer(815301076,1909f56bfc062723c751e8b465ee728b)
Start importing Assets/TextMesh Pro/Fipps-Regular SDF.asset using Guid(da951ab80b39c8c479ca9f3e6cff9c42) Importer(815301076,1909f56bfc062723c751e8b465ee728b) Shader 'TextMeshPro/Distance Field': fallback shader 'TextMeshPro/Mobile/Distance Field' not found
 -> (artifact id: 'ea95f0393a78b6037a8f8f9672cf349b') in 0.024669 seconds 
========================================================================
Received Import Request.
  Time since last request: 308.048741 seconds.
  path: Assets/Art/mini_pixel-7.ttf
  artifactKey: Guid(c549a31512e20e1418e004f3e85f7c98) Importer(815301076,1909f56bfc062723c751e8b465ee728b)
Start importing Assets/Art/mini_pixel-7.ttf using Guid(c549a31512e20e1418e004f3e85f7c98) Importer(815301076,1909f56bfc062723c751e8b465ee728b)  -> (artifact id: 'f88e0bdf0c5c4bc19a788fef970e1bb6') in 0.022500 seconds 
========================================================================
Received Import Request.
  Time since last request: 23.834761 seconds.
  path: Assets/Art/TextMesh Pro/mini_pixel-7 SDF.asset
  artifactKey: Guid(25f70beef74e77443abb5fe1ddcb979e) Importer(815301076,1909f56bfc062723c751e8b465ee728b)
Start importing Assets/Art/TextMesh Pro/mini_pixel-7 SDF.asset using Guid(25f70beef74e77443abb5fe1ddcb979e) Importer(815301076,1909f56bfc062723c751e8b465ee728b) Shader 'TextMeshPro/Distance Field': fallback shader 'TextMeshPro/Mobile/Distance Field' not found
 -> (artifact id: 'f5d6c1024095ecbda7b4f413fa218ff8') in 0.020462 seconds 
========================================================================
Received Import Request.
  Time since last request: 558.562444 seconds.
  path: Assets/Art/TextMesh Pro/mini_pixel-7 SDF.asset
  artifactKey: Guid(25f70beef74e77443abb5fe1ddcb979e) Importer(815301076,1909f56bfc062723c751e8b465ee728b)
Start importing Assets/Art/TextMesh Pro/mini_pixel-7 SDF.asset using Guid(25f70beef74e77443abb5fe1ddcb979e) Importer(815301076,1909f56bfc062723c751e8b465ee728b) Shader 'TextMeshPro/Distance Field': fallback shader 'TextMeshPro/Mobile/Distance Field' not found
 -> (artifact id: 'db5ecbe98545c4ca006b66b48616aef1') in 0.053407 seconds 
========================================================================
Received Import Request.
  Time since last request: 698.564744 seconds.
  path: Packages/com.unity.2d.animation/Editor/Assets/SkinningModule/Icons/Selected/Sprite_Mode.png
  artifactKey: Guid(ca778bc7303b24948abf3e907abbf2a0) Importer(815301076,1909f56bfc062723c751e8b465ee728b)
Start importing Packages/com.unity.2d.animation/Editor/Assets/SkinningModule/Icons/Selected/Sprite_Mode.png using Guid(ca778bc7303b24948abf3e907abbf2a0) Importer(815301076,1909f56bfc062723c751e8b465ee728b)  -> (artifact id: 'beeebdce29a5b1cb49854d992c1b71f7') in 0.091651 seconds 
========================================================================
Received Import Request.
  Time since last request: 0.000449 seconds.
  path: Packages/com.unity.2d.path/Editor/Handles/TangentContinuous.png
  artifactKey: Guid(229e750703f3e824ca71ddd16a5e36be) Importer(815301076,1909f56bfc062723c751e8b465ee728b)
Start importing Packages/com.unity.2d.path/Editor/Handles/TangentContinuous.png using Guid(229e750703f3e824ca71ddd16a5e36be) Importer(815301076,1909f56bfc062723c751e8b465ee728b)  -> (artifact id: '9417bbbc6efc2f39e84894ffb0194588') in 0.029591 seconds 
========================================================================
Received Import Request.
  Time since last request: 0.000391 seconds.
  path: Packages/com.unity.2d.spriteshape/Editor/Handles/ss_playhead.png
  artifactKey: Guid(9ea72647c24be493ba6f15a9cd2a24ae) Importer(815301076,1909f56bfc062723c751e8b465ee728b)
Start importing Packages/com.unity.2d.spriteshape/Editor/Handles/ss_playhead.png using Guid(9ea72647c24be493ba6f15a9cd2a24ae) Importer(815301076,1909f56bfc062723c751e8b465ee728b)  -> (artifact id: '0f85979cae0a2f3aab307473d1940fd1') in 0.029577 seconds 
========================================================================
Received Import Request.
  Time since last request: 0.000359 seconds.
  path: Packages/com.unity.2d.sprite/Editor/ObjectMenuCreation/DefaultAssets/Textures/v2/Square.png
  artifactKey: Guid(311925a002f4447b3a28927169b83ea6) Importer(815301076,1909f56bfc062723c751e8b465ee728b)
Start importing Packages/com.unity.2d.sprite/Editor/ObjectMenuCreation/DefaultAssets/Textures/v2/Square.png using Guid(311925a002f4447b3a28927169b83ea6) Importer(815301076,1909f56bfc062723c751e8b465ee728b)  -> (artifact id: '7d11a2b5e419d81c1cac3b65bb59dde8') in 0.023955 seconds 
========================================================================
Received Import Request.
  Time since last request: 0.000416 seconds.
  path: Packages/com.unity.2d.animation/Editor/Assets/SkinningModule/Icons/Light/Sprite_Mode@4x.png
  artifactKey: Guid(554a30a45860f494ca38586c54b7e5d9) Importer(815301076,1909f56bfc062723c751e8b465ee728b)
Start importing Packages/com.unity.2d.animation/Editor/Assets/SkinningModule/Icons/Light/Sprite_Mode@4x.png using Guid(554a30a45860f494ca38586c54b7e5d9) Importer(815301076,1909f56bfc062723c751e8b465ee728b)  -> (artifact id: '1dee1a85af41bbb899d8c5c2245637b1') in 0.032841 seconds 
========================================================================
Received Import Request.
  Time since last request: 0.000334 seconds.
  path: Packages/com.unity.2d.animation/Editor/Assets/SkinningModule/Icons/Selected/Sprite_Mode@4x.png
  artifactKey: Guid(2223b0a570b66ee42b3e0a79f0789b2a) Importer(815301076,1909f56bfc062723c751e8b465ee728b)
Start importing Packages/com.unity.2d.animation/Editor/Assets/SkinningModule/Icons/Selected/Sprite_Mode@4x.png using Guid(2223b0a570b66ee42b3e0a79f0789b2a) Importer(815301076,1909f56bfc062723c751e8b465ee728b)  -> (artifact id: 'd01b4a412f7c2e751ccf494d1337ad98') in 0.026031 seconds 
========================================================================
Received Import Request.
  Time since last request: 0.000330 seconds.
  path: Packages/com.unity.collab-proxy/Editor/PlasticSCM/Assets/Images/step3@2x.png
  artifactKey: Guid(36e6970b84831434a9eac79abd03700b) Importer(815301076,1909f56bfc062723c751e8b465ee728b)
Start importing Packages/com.unity.collab-proxy/Editor/PlasticSCM/Assets/Images/step3@2x.png using Guid(36e6970b84831434a9eac79abd03700b) Importer(815301076,1909f56bfc062723c751e8b465ee728b)  -> (artifact id: '6424861dafa8e7031c4d3405b3784ae3') in 0.030825 seconds 
========================================================================
Received Import Request.
  Time since last request: 0.000329 seconds.
  path: Packages/com.unity.collab-proxy/Editor/PlasticSCM/Assets/Images/step3.png
  artifactKey: Guid(69899ed144c8eea4baea48b858b37746) Importer(815301076,1909f56bfc062723c751e8b465ee728b)
Start importing Packages/com.unity.collab-proxy/Editor/PlasticSCM/Assets/Images/step3.png using Guid(69899ed144c8eea4baea48b858b37746) Importer(815301076,1909f56bfc062723c751e8b465ee728b)  -> (artifact id: '9ee1c36a9c8c7c5a75ddd6ae1fc76c4d') in 0.033477 seconds 
========================================================================
Received Import Request.
  Time since last request: 0.000304 seconds.
  path: Packages/com.unity.2d.animation/Editor/Assets/SkinningModule/Icons/Selected/Sprite_Mode@3x.png
  artifactKey: Guid(ea833d779996e3244b3b567764be9cf0) Importer(815301076,1909f56bfc062723c751e8b465ee728b)
Start importing Packages/com.unity.2d.animation/Editor/Assets/SkinningModule/Icons/Selected/Sprite_Mode@3x.png using Guid(ea833d779996e3244b3b567764be9cf0) Importer(815301076,1909f56bfc062723c751e8b465ee728b)  -> (artifact id: 'b83ba799a336a86ed4cc908f870f9836') in 0.031679 seconds 
========================================================================
Received Import Request.
  Time since last request: 0.000441 seconds.
  path: Packages/com.unity.2d.animation/Editor/Assets/SkinningModule/Icons/Light/Sprite_Mode@2x.png
  artifactKey: Guid(cfe99a1afb609b4488d6fc9224a62f74) Importer(815301076,1909f56bfc062723c751e8b465ee728b)
Start importing Packages/com.unity.2d.animation/Editor/Assets/SkinningModule/Icons/Light/Sprite_Mode@2x.png using Guid(cfe99a1afb609b4488d6fc9224a62f74) Importer(815301076,1909f56bfc062723c751e8b465ee728b)  -> (artifact id: '18bc77962ef1f8a6ff137f86abd163be') in 0.029201 seconds 
========================================================================
Received Import Request.
  Time since last request: 0.000549 seconds.
  path: Packages/com.unity.collab-proxy/Editor/PlasticSCM/Assets/Images/step2.png
  artifactKey: Guid(cd0b17b71a5c498428ee91dee8a78a88) Importer(815301076,1909f56bfc062723c751e8b465ee728b)
Start importing Packages/com.unity.collab-proxy/Editor/PlasticSCM/Assets/Images/step2.png using Guid(cd0b17b71a5c498428ee91dee8a78a88) Importer(815301076,1909f56bfc062723c751e8b465ee728b)  -> (artifact id: '6e6d4e59ba5f0f5789c73f057b0f77c7') in 0.027097 seconds 
========================================================================
Received Import Request.
  Time since last request: 0.000380 seconds.
  path: Packages/com.unity.2d.path/Editor/Handles/TangentBrokenPro.png
  artifactKey: Guid(3f0215e89d05b544d907d3a7d34fab63) Importer(815301076,1909f56bfc062723c751e8b465ee728b)
Start importing Packages/com.unity.2d.path/Editor/Handles/TangentBrokenPro.png using Guid(3f0215e89d05b544d907d3a7d34fab63) Importer(815301076,1909f56bfc062723c751e8b465ee728b)  -> (artifact id: '2ed3b7eb07e7e73e3d91776e199267e5') in 0.029240 seconds 
========================================================================
Received Import Request.
  Time since last request: 0.000335 seconds.
  path: Packages/com.unity.2d.path/Editor/Handles/TangentContinuousPro.png
  artifactKey: Guid(8d4a2ded892e27742bb6d4d263639dff) Importer(815301076,1909f56bfc062723c751e8b465ee728b)
Start importing Packages/com.unity.2d.path/Editor/Handles/TangentContinuousPro.png using Guid(8d4a2ded892e27742bb6d4d263639dff) Importer(815301076,1909f56bfc062723c751e8b465ee728b)  -> (artifact id: '014ff65d693390d6171b6dbaaeb4f8a8') in 0.028186 seconds 
========================================================================
Received Import Request.
  Time since last request: 0.000344 seconds.
  path: Packages/com.unity.2d.path/Editor/Handles/TangentLinearPro.png
  artifactKey: Guid(cafc16189f045f445bad6f5eb9e13541) Importer(815301076,1909f56bfc062723c751e8b465ee728b)
Start importing Packages/com.unity.2d.path/Editor/Handles/TangentLinearPro.png using Guid(cafc16189f045f445bad6f5eb9e13541) Importer(815301076,1909f56bfc062723c751e8b465ee728b)  -> (artifact id: '17288c2e77107e93d7d811b4d1845de5') in 0.040404 seconds 
========================================================================
Received Import Request.
  Time since last request: 0.000362 seconds.
  path: Packages/com.unity.2d.animation/Editor/Assets/SkinningModule/Icons/Light/Sprite_Mode@3x.png
  artifactKey: Guid(71d8b2e508f1d9947ba51013600a5eac) Importer(815301076,1909f56bfc062723c751e8b465ee728b)
Start importing Packages/com.unity.2d.animation/Editor/Assets/SkinningModule/Icons/Light/Sprite_Mode@3x.png using Guid(71d8b2e508f1d9947ba51013600a5eac) Importer(815301076,1909f56bfc062723c751e8b465ee728b)  -> (artifact id: 'a960c488945834c16d7dace15ec8b2d5') in 0.026013 seconds 
========================================================================
Received Import Request.
  Time since last request: 0.000287 seconds.
  path: Packages/com.unity.collab-proxy/Editor/PlasticSCM/Assets/Images/stepok.png
  artifactKey: Guid(d4780dc1205c7c7478c970d8c61d24e8) Importer(815301076,1909f56bfc062723c751e8b465ee728b)
Start importing Packages/com.unity.collab-proxy/Editor/PlasticSCM/Assets/Images/stepok.png using Guid(d4780dc1205c7c7478c970d8c61d24e8) Importer(815301076,1909f56bfc062723c751e8b465ee728b)  -> (artifact id: '63921afbb119c4e3ce1a2f2b96e53640') in 0.032099 seconds 
========================================================================
Received Import Request.
  Time since last request: 0.000325 seconds.
  path: Packages/com.unity.2d.sprite/Editor/ObjectMenuCreation/DefaultAssets/Textures/Square.png
  artifactKey: Guid(48e93eef0688c4a259cb0eddcd8661f7) Importer(815301076,1909f56bfc062723c751e8b465ee728b)
Start importing Packages/com.unity.2d.sprite/Editor/ObjectMenuCreation/DefaultAssets/Textures/Square.png using Guid(48e93eef0688c4a259cb0eddcd8661f7) Importer(815301076,1909f56bfc062723c751e8b465ee728b)  -> (artifact id: 'fe5bc7e46c1cbf27ec4d1e0c0a5b0171') in 0.026199 seconds 
========================================================================
Received Import Request.
  Time since last request: 0.000313 seconds.
  path: Packages/com.unity.collab-proxy/Editor/PlasticSCM/Assets/Images/step2@2x.png
  artifactKey: Guid(0029170d14ce6c04c9f45c22cdae5559) Importer(815301076,1909f56bfc062723c751e8b465ee728b)
Start importing Packages/com.unity.collab-proxy/Editor/PlasticSCM/Assets/Images/step2@2x.png using Guid(0029170d14ce6c04c9f45c22cdae5559) Importer(815301076,1909f56bfc062723c751e8b465ee728b)  -> (artifact id: '7e7a9552571f27b4b4016d91abd9797d') in 0.029592 seconds 
========================================================================
Received Import Request.
  Time since last request: 0.000338 seconds.
  path: Packages/com.unity.2d.spriteshape/Editor/ObjectMenuCreation/DefaultAssets/Sprite Shapes/SpriteShapeEdge.png
  artifactKey: Guid(0ae2b74b1edd14bb18dd7b65ae916a54) Importer(815301076,1909f56bfc062723c751e8b465ee728b)
Start importing Packages/com.unity.2d.spriteshape/Editor/ObjectMenuCreation/DefaultAssets/Sprite Shapes/SpriteShapeEdge.png using Guid(0ae2b74b1edd14bb18dd7b65ae916a54) Importer(815301076,1909f56bfc062723c751e8b465ee728b)  -> (artifact id: '183fee4652624defd5ca6aaf0140e1a3') in 0.033722 seconds 
========================================================================
Received Import Request.
  Time since last request: 0.000328 seconds.
  path: Packages/com.unity.2d.sprite/Editor/ObjectMenuCreation/DefaultAssets/Textures/SquareWithBorder.png
  artifactKey: Guid(db750325989564987a34393247d883b4) Importer(815301076,1909f56bfc062723c751e8b465ee728b)
Start importing Packages/com.unity.2d.sprite/Editor/ObjectMenuCreation/DefaultAssets/Textures/SquareWithBorder.png using Guid(db750325989564987a34393247d883b4) Importer(815301076,1909f56bfc062723c751e8b465ee728b)  -> (artifact id: '2f0f0e18ff09432fbdee9fd4134c19ec') in 0.032595 seconds 
========================================================================
Received Import Request.
  Time since last request: 0.000362 seconds.
  path: Packages/com.unity.2d.spriteshape/Editor/Handles/ss_leftrange.png
  artifactKey: Guid(9417efc47083f4a1598c1966a6345cdb) Importer(815301076,1909f56bfc062723c751e8b465ee728b)
Start importing Packages/com.unity.2d.spriteshape/Editor/Handles/ss_leftrange.png using Guid(9417efc47083f4a1598c1966a6345cdb) Importer(815301076,1909f56bfc062723c751e8b465ee728b)  -> (artifact id: 'acef0b5ca3b91592d5296c4da65edd47') in 0.031419 seconds 
========================================================================
Received Import Request.
  Time since last request: 0.000404 seconds.
  path: Packages/com.unity.collab-proxy/Editor/PlasticSCM/Assets/Images/step1@2x.png
  artifactKey: Guid(affeade9874cf2347abb155e8d0db4d8) Importer(815301076,1909f56bfc062723c751e8b465ee728b)
Start importing Packages/com.unity.collab-proxy/Editor/PlasticSCM/Assets/Images/step1@2x.png using Guid(affeade9874cf2347abb155e8d0db4d8) Importer(815301076,1909f56bfc062723c751e8b465ee728b)  -> (artifact id: 'c4c1b74558b768626b8d1fc582932737') in 0.028712 seconds 
========================================================================
Received Import Request.
  Time since last request: 0.000359 seconds.
  path: Packages/com.unity.collab-proxy/Editor/PlasticSCM/Assets/Images/step1.png
  artifactKey: Guid(9ce84ff0fdeb13d4a83f077d075dd9a5) Importer(815301076,1909f56bfc062723c751e8b465ee728b)
Start importing Packages/com.unity.collab-proxy/Editor/PlasticSCM/Assets/Images/step1.png using Guid(9ce84ff0fdeb13d4a83f077d075dd9a5) Importer(815301076,1909f56bfc062723c751e8b465ee728b)  -> (artifact id: '0019fa803b54ffd0f1d6c7d34c5738de') in 0.028868 seconds 
========================================================================
Received Import Request.
  Time since last request: 0.000318 seconds.
  path: Packages/com.unity.2d.spriteshape/Editor/Handles/ss_rightrange.png
  artifactKey: Guid(ee5df01235032491c8b180741ea820fe) Importer(815301076,1909f56bfc062723c751e8b465ee728b)
Start importing Packages/com.unity.2d.spriteshape/Editor/Handles/ss_rightrange.png using Guid(ee5df01235032491c8b180741ea820fe) Importer(815301076,1909f56bfc062723c751e8b465ee728b)  -> (artifact id: '3f80842ef499cdd2d04c06b28599e7b0') in 0.028792 seconds 
========================================================================
Received Import Request.
  Time since last request: 0.000354 seconds.
  path: Packages/com.unity.2d.path/Editor/Handles/TangentLinear.png
  artifactKey: Guid(a728d9332cba5f448a36350199dc573b) Importer(815301076,1909f56bfc062723c751e8b465ee728b)
Start importing Packages/com.unity.2d.path/Editor/Handles/TangentLinear.png using Guid(a728d9332cba5f448a36350199dc573b) Importer(815301076,1909f56bfc062723c751e8b465ee728b)  -> (artifact id: 'd9fc53788f1446b6e6a3b716e565453e') in 0.028069 seconds 
========================================================================
Received Import Request.
  Time since last request: 0.000338 seconds.
  path: Packages/com.unity.collab-proxy/Editor/PlasticSCM/Assets/Images/stepok@2x.png
  artifactKey: Guid(be340a165cb9c8d4cb50f1deeb51d4ea) Importer(815301076,1909f56bfc062723c751e8b465ee728b)
Start importing Packages/com.unity.collab-proxy/Editor/PlasticSCM/Assets/Images/stepok@2x.png using Guid(be340a165cb9c8d4cb50f1deeb51d4ea) Importer(815301076,1909f56bfc062723c751e8b465ee728b)  -> (artifact id: '0a8d32b0364f0741017be3a11db845ea') in 0.032034 seconds 
========================================================================
Received Import Request.
  Time since last request: 0.000388 seconds.
  path: Packages/com.unity.2d.path/Editor/Handles/TangentBroken.png
  artifactKey: Guid(b370d25fdf6f8914287e27c0c3dede6a) Importer(815301076,1909f56bfc062723c751e8b465ee728b)
Start importing Packages/com.unity.2d.path/Editor/Handles/TangentBroken.png using Guid(b370d25fdf6f8914287e27c0c3dede6a) Importer(815301076,1909f56bfc062723c751e8b465ee728b)  -> (artifact id: '6dc367db44f3daecd6a2d4fdf4ca5a7b') in 0.031438 seconds 
========================================================================
Received Import Request.
  Time since last request: 0.000298 seconds.
  path: Packages/com.unity.2d.animation/Editor/Assets/SkinningModule/Icons/Selected/Sprite_Mode@2x.png
  artifactKey: Guid(ff2aa9ebc8aee604caa5f8459ac4ae43) Importer(815301076,1909f56bfc062723c751e8b465ee728b)
Start importing Packages/com.unity.2d.animation/Editor/Assets/SkinningModule/Icons/Selected/Sprite_Mode@2x.png using Guid(ff2aa9ebc8aee604caa5f8459ac4ae43) Importer(815301076,1909f56bfc062723c751e8b465ee728b)  -> (artifact id: '45f5a7957f1a1664f3365d23488fa804') in 0.030220 seconds 
========================================================================
Received Prepare
Registering precompiled user dll's ...
Registered in 0.006104 seconds.
Begin MonoManager ReloadAssembly
Symbol file LoadedFromMemory doesn't match image C:\Users\user\GetMySword\Library\PackageCache\com.unity.visualscripting@1.6.1\Editor\VisualScripting.Core\Dependencies\YamlDotNet\Unity.VisualScripting.YamlDotNet.dll
Symbol file LoadedFromMemory doesn't match image C:\Users\user\GetMySword\Library\PackageCache\com.unity.visualscripting@1.6.1\Editor\VisualScripting.Core\Dependencies\DotNetZip\Unity.VisualScripting.IonicZip.dll
Native extension for WindowsStandalone target not found
Refreshing native plugins compatible for Editor in 0.71 ms, found 4 plugins.
Preloading 0 native plugins for Editor in 0.00 ms.
Mono: successfully reloaded assembly
- Completed reload, in  1.114 seconds
Domain Reload Profiling:
	ReloadAssembly (1114ms)
		BeginReloadAssembly (128ms)
			ExecutionOrderSort (0ms)
			DisableScriptedObjects (7ms)
			BackupInstance (0ms)
			ReleaseScriptingObjects (0ms)
			CreateAndSetChildDomain (40ms)
		EndReloadAssembly (932ms)
			LoadAssemblies (99ms)
			RebuildTransferFunctionScriptingTraits (0ms)
			SetupTypeCache (348ms)
			ReleaseScriptCaches (1ms)
			RebuildScriptCaches (44ms)
			SetupLoadedEditorAssemblies (295ms)
				LogAssemblyErrors (0ms)
				InitializePlatformSupportModulesInManaged (5ms)
				SetLoadedEditorAssemblies (0ms)
				RefreshPlugins (1ms)
				BeforeProcessingInitializeOnLoad (62ms)
				ProcessInitializeOnLoadAttributes (215ms)
				ProcessInitializeOnLoadMethodAttributes (9ms)
				AfterProcessingInitializeOnLoad (2ms)
				EditorAssembliesLoaded (0ms)
			ExecutionOrderSort2 (0ms)
			AwakeInstancesAfterBackupRestoration (21ms)
Platform modules already initialized, skipping
Refreshing native plugins compatible for Editor in 0.71 ms, found 4 plugins.
Preloading 0 native plugins for Editor in 0.00 ms.
Unloading 3712 Unused Serialized files (Serialized files now loaded: 0)
System memory in use before: 162.0 MB.
System memory in use after: 161.6 MB.

Unloading 36 unused Assets to reduce memory usage. Loaded Objects now: 4776.
Total: 3.981000 ms (FindLiveObjects: 0.505100 ms CreateObjectMapping: 0.534400 ms MarkObjects: 2.653900 ms  DeleteObjects: 0.286600 ms)

AssetImportParameters requested are different than current active one (requested -> active):
  custom:framework-win-MediaFoundation: 216162199b28c13a410421893ffa2e32 -> 
  custom:video-decoder-ogg-theora: a1e56fd34408186e4bbccfd4996cb3dc -> 
  custom:container-muxer-webm: aa71ff27fc2769a1b78a27578f13a17b -> 
  custom:container-demuxer-webm: 4f35f7cbe854078d1ac9338744f61a02 -> 
  custom:container-demuxer-ogg: 62fdf1f143b41e24485cea50d1cbac27 -> 
  custom:video-encoder-webm-vp8: eb34c28f22e8b96e1ab97ce403110664 -> 
  custom:video-codec-MediaFoundation-h265: 746d11721c4dcdbdad8f713fa42b33f4 -> 
  custom:video-decoder-webm-vp8: 9c59270c3fd7afecdb556c50c9e8de78 -> 
  custom:audio-decoder-ogg-vorbis: bf7c407c2cedff20999df2af8eb42d56 -> 
  custom:audio-encoder-webm-vorbis: bf7c407c2cedff20999df2af8eb42d56 -> 
========================================================================
Received Prepare
Registering precompiled user dll's ...
Registered in 0.005793 seconds.
Begin MonoManager ReloadAssembly
Symbol file LoadedFromMemory doesn't match image C:\Users\user\GetMySword\Library\PackageCache\com.unity.visualscripting@1.6.1\Editor\VisualScripting.Core\Dependencies\YamlDotNet\Unity.VisualScripting.YamlDotNet.dll
Symbol file LoadedFromMemory doesn't match image C:\Users\user\GetMySword\Library\PackageCache\com.unity.visualscripting@1.6.1\Editor\VisualScripting.Core\Dependencies\DotNetZip\Unity.VisualScripting.IonicZip.dll
Native extension for WindowsStandalone target not found
Refreshing native plugins compatible for Editor in 0.69 ms, found 4 plugins.
Preloading 0 native plugins for Editor in 0.00 ms.
Mono: successfully reloaded assembly
- Completed reload, in  1.064 seconds
Domain Reload Profiling:
	ReloadAssembly (1064ms)
		BeginReloadAssembly (137ms)
			ExecutionOrderSort (0ms)
			DisableScriptedObjects (10ms)
			BackupInstance (0ms)
			ReleaseScriptingObjects (0ms)
			CreateAndSetChildDomain (36ms)
		EndReloadAssembly (873ms)
			LoadAssemblies (101ms)
			RebuildTransferFunctionScriptingTraits (0ms)
			SetupTypeCache (334ms)
			ReleaseScriptCaches (1ms)
			RebuildScriptCaches (44ms)
			SetupLoadedEditorAssemblies (290ms)
				LogAssemblyErrors (0ms)
				InitializePlatformSupportModulesInManaged (5ms)
				SetLoadedEditorAssemblies (0ms)
				RefreshPlugins (1ms)
				BeforeProcessingInitializeOnLoad (63ms)
				ProcessInitializeOnLoadAttributes (210ms)
				ProcessInitializeOnLoadMethodAttributes (8ms)
				AfterProcessingInitializeOnLoad (2ms)
				EditorAssembliesLoaded (0ms)
			ExecutionOrderSort2 (0ms)
			AwakeInstancesAfterBackupRestoration (18ms)
Platform modules already initialized, skipping
Refreshing native plugins compatible for Editor in 0.83 ms, found 4 plugins.
Preloading 0 native plugins for Editor in 0.00 ms.
Unloading 3677 Unused Serialized files (Serialized files now loaded: 0)
System memory in use before: 160.6 MB.
System memory in use after: 160.1 MB.

Unloading 36 unused Assets to reduce memory usage. Loaded Objects now: 4779.
Total: 3.509700 ms (FindLiveObjects: 0.349400 ms CreateObjectMapping: 0.175900 ms MarkObjects: 2.682000 ms  DeleteObjects: 0.301700 ms)

AssetImportParameters requested are different than current active one (requested -> active):
  custom:framework-win-MediaFoundation: 216162199b28c13a410421893ffa2e32 -> 
  custom:video-decoder-ogg-theora: a1e56fd34408186e4bbccfd4996cb3dc -> 
  custom:container-muxer-webm: aa71ff27fc2769a1b78a27578f13a17b -> 
  custom:container-demuxer-webm: 4f35f7cbe854078d1ac9338744f61a02 -> 
  custom:container-demuxer-ogg: 62fdf1f143b41e24485cea50d1cbac27 -> 
  custom:video-encoder-webm-vp8: eb34c28f22e8b96e1ab97ce403110664 -> 
  custom:video-codec-MediaFoundation-h265: 746d11721c4dcdbdad8f713fa42b33f4 -> 
  custom:video-decoder-webm-vp8: 9c59270c3fd7afecdb556c50c9e8de78 -> 
  custom:audio-decoder-ogg-vorbis: bf7c407c2cedff20999df2af8eb42d56 -> 
  custom:audio-encoder-webm-vorbis: bf7c407c2cedff20999df2af8eb42d56 -> 
========================================================================
Received Prepare
Registering precompiled user dll's ...
Registered in 0.006056 seconds.
Begin MonoManager ReloadAssembly
Symbol file LoadedFromMemory doesn't match image C:\Users\user\GetMySword\Library\PackageCache\com.unity.visualscripting@1.6.1\Editor\VisualScripting.Core\Dependencies\YamlDotNet\Unity.VisualScripting.YamlDotNet.dll
Symbol file LoadedFromMemory doesn't match image C:\Users\user\GetMySword\Library\PackageCache\com.unity.visualscripting@1.6.1\Editor\VisualScripting.Core\Dependencies\DotNetZip\Unity.VisualScripting.IonicZip.dll
Native extension for WindowsStandalone target not found
Refreshing native plugins compatible for Editor in 0.67 ms, found 4 plugins.
Preloading 0 native plugins for Editor in 0.00 ms.
Mono: successfully reloaded assembly
- Completed reload, in  1.066 seconds
Domain Reload Profiling:
	ReloadAssembly (1067ms)
		BeginReloadAssembly (137ms)
			ExecutionOrderSort (0ms)
			DisableScriptedObjects (9ms)
			BackupInstance (0ms)
			ReleaseScriptingObjects (0ms)
			CreateAndSetChildDomain (35ms)
		EndReloadAssembly (874ms)
			LoadAssemblies (108ms)
			RebuildTransferFunctionScriptingTraits (0ms)
			SetupTypeCache (331ms)
			ReleaseScriptCaches (1ms)
			RebuildScriptCaches (42ms)
			SetupLoadedEditorAssemblies (297ms)
				LogAssemblyErrors (0ms)
				InitializePlatformSupportModulesInManaged (4ms)
				SetLoadedEditorAssemblies (1ms)
				RefreshPlugins (1ms)
				BeforeProcessingInitializeOnLoad (62ms)
				ProcessInitializeOnLoadAttributes (218ms)
				ProcessInitializeOnLoadMethodAttributes (9ms)
				AfterProcessingInitializeOnLoad (2ms)
				EditorAssembliesLoaded (0ms)
			ExecutionOrderSort2 (0ms)
			AwakeInstancesAfterBackupRestoration (19ms)
Platform modules already initialized, skipping
Refreshing native plugins compatible for Editor in 0.70 ms, found 4 plugins.
Preloading 0 native plugins for Editor in 0.00 ms.
Unloading 3677 Unused Serialized files (Serialized files now loaded: 0)
System memory in use before: 160.6 MB.
System memory in use after: 160.1 MB.

Unloading 36 unused Assets to reduce memory usage. Loaded Objects now: 4782.
Total: 3.106000 ms (FindLiveObjects: 0.318800 ms CreateObjectMapping: 0.150800 ms MarkObjects: 2.375500 ms  DeleteObjects: 0.260200 ms)

AssetImportParameters requested are different than current active one (requested -> active):
  custom:framework-win-MediaFoundation: 216162199b28c13a410421893ffa2e32 -> 
  custom:video-decoder-ogg-theora: a1e56fd34408186e4bbccfd4996cb3dc -> 
  custom:container-muxer-webm: aa71ff27fc2769a1b78a27578f13a17b -> 
  custom:container-demuxer-webm: 4f35f7cbe854078d1ac9338744f61a02 -> 
  custom:container-demuxer-ogg: 62fdf1f143b41e24485cea50d1cbac27 -> 
  custom:video-encoder-webm-vp8: eb34c28f22e8b96e1ab97ce403110664 -> 
  custom:video-codec-MediaFoundation-h265: 746d11721c4dcdbdad8f713fa42b33f4 -> 
  custom:video-decoder-webm-vp8: 9c59270c3fd7afecdb556c50c9e8de78 -> 
  custom:audio-decoder-ogg-vorbis: bf7c407c2cedff20999df2af8eb42d56 -> 
  custom:audio-encoder-webm-vorbis: bf7c407c2cedff20999df2af8eb42d56 -> 
========================================================================
Received Import Request.
  Time since last request: 566.073194 seconds.
  path: Assets/Scripts/UIManager.cs
  artifactKey: Guid(dfb5850d5c6ed804493513bf1002fbc5) Importer(815301076,1909f56bfc062723c751e8b465ee728b)
Start importing Assets/Scripts/UIManager.cs using Guid(dfb5850d5c6ed804493513bf1002fbc5) Importer(815301076,1909f56bfc062723c751e8b465ee728b)  -> (artifact id: '95f3db0706a460f744fbd41e8b91a997') in 0.063275 seconds 
========================================================================
Received Import Request.
  Time since last request: 18.065463 seconds.
  path: Assets/Scripts/UIManager.cs
  artifactKey: Guid(dfb5850d5c6ed804493513bf1002fbc5) Importer(815301076,1909f56bfc062723c751e8b465ee728b)
Start importing Assets/Scripts/UIManager.cs using Guid(dfb5850d5c6ed804493513bf1002fbc5) Importer(815301076,1909f56bfc062723c751e8b465ee728b)  -> (artifact id: '54f7f28e3f2d3479e0e02ca8ecc9c7ad') in 0.003265 seconds 
========================================================================
Received Prepare
Registering precompiled user dll's ...
Registered in 0.008871 seconds.
Begin MonoManager ReloadAssembly
Symbol file LoadedFromMemory doesn't match image C:\Users\user\GetMySword\Library\PackageCache\com.unity.visualscripting@1.6.1\Editor\VisualScripting.Core\Dependencies\YamlDotNet\Unity.VisualScripting.YamlDotNet.dll
Symbol file LoadedFromMemory doesn't match image C:\Users\user\GetMySword\Library\PackageCache\com.unity.visualscripting@1.6.1\Editor\VisualScripting.Core\Dependencies\DotNetZip\Unity.VisualScripting.IonicZip.dll
Native extension for WindowsStandalone target not found
Refreshing native plugins compatible for Editor in 0.74 ms, found 4 plugins.
Preloading 0 native plugins for Editor in 0.00 ms.
Mono: successfully reloaded assembly
- Completed reload, in  1.214 seconds
Domain Reload Profiling:
	ReloadAssembly (1214ms)
		BeginReloadAssembly (142ms)
			ExecutionOrderSort (0ms)
			DisableScriptedObjects (11ms)
			BackupInstance (0ms)
			ReleaseScriptingObjects (0ms)
			CreateAndSetChildDomain (42ms)
		EndReloadAssembly (1008ms)
			LoadAssemblies (117ms)
			RebuildTransferFunctionScriptingTraits (0ms)
			SetupTypeCache (412ms)
			ReleaseScriptCaches (1ms)
			RebuildScriptCaches (47ms)
			SetupLoadedEditorAssemblies (320ms)
				LogAssemblyErrors (0ms)
				InitializePlatformSupportModulesInManaged (5ms)
				SetLoadedEditorAssemblies (0ms)
				RefreshPlugins (1ms)
				BeforeProcessingInitializeOnLoad (68ms)
				ProcessInitializeOnLoadAttributes (234ms)
				ProcessInitializeOnLoadMethodAttributes (10ms)
				AfterProcessingInitializeOnLoad (2ms)
				EditorAssembliesLoaded (0ms)
			ExecutionOrderSort2 (0ms)
			AwakeInstancesAfterBackupRestoration (20ms)
Platform modules already initialized, skipping
Refreshing native plugins compatible for Editor in 1.50 ms, found 4 plugins.
Preloading 0 native plugins for Editor in 0.00 ms.
Unloading 3677 Unused Serialized files (Serialized files now loaded: 0)
System memory in use before: 160.6 MB.
System memory in use after: 160.2 MB.

Unloading 36 unused Assets to reduce memory usage. Loaded Objects now: 4785.
Total: 4.715900 ms (FindLiveObjects: 0.459500 ms CreateObjectMapping: 0.488800 ms MarkObjects: 3.389000 ms  DeleteObjects: 0.376400 ms)

AssetImportParameters requested are different than current active one (requested -> active):
  custom:framework-win-MediaFoundation: 216162199b28c13a410421893ffa2e32 -> 
  custom:video-decoder-ogg-theora: a1e56fd34408186e4bbccfd4996cb3dc -> 
  custom:container-muxer-webm: aa71ff27fc2769a1b78a27578f13a17b -> 
  custom:container-demuxer-webm: 4f35f7cbe854078d1ac9338744f61a02 -> 
  custom:container-demuxer-ogg: 62fdf1f143b41e24485cea50d1cbac27 -> 
  custom:video-encoder-webm-vp8: eb34c28f22e8b96e1ab97ce403110664 -> 
  custom:video-codec-MediaFoundation-h265: 746d11721c4dcdbdad8f713fa42b33f4 -> 
  custom:video-decoder-webm-vp8: 9c59270c3fd7afecdb556c50c9e8de78 -> 
  custom:audio-decoder-ogg-vorbis: bf7c407c2cedff20999df2af8eb42d56 -> 
  custom:audio-encoder-webm-vorbis: bf7c407c2cedff20999df2af8eb42d56 -> 
AssetImportWorkerClient::OnTransportError - code=2 error=End of file
